<?xml version="1.0" encoding="UTF-8"?>
<!-- Generated by org.testng.reporters.JUnitReportReporter -->
<testsuite skipped="0" hostname="seshu-PC" name="SampleMaven.SeleniumTest" tests="2" failures="0" timestamp="16 Aug 2020 10:49:56 GMT" time="0.012" errors="0">
  <testcase name="BrowserAutomation" time="0.012" classname="SampleMaven.SeleniumTest"/>
  <testcase name="elementsUi" time="0.000" classname="SampleMaven.SeleniumTest"/>
</testsuite> <!-- SampleMaven.SeleniumTest -->
