<?xml version="1.0" encoding="UTF-8"?>
<!-- Generated by org.testng.reporters.JUnitReportReporter -->
<testsuite skipped="0" hostname="seshu-PC" name="SampleMaven.AppiumTest" tests="2" failures="0" timestamp="16 Aug 2020 10:49:56 GMT" time="0.001" errors="0">
  <testcase name="IOSApps" time="0.000" classname="SampleMaven.AppiumTest"/>
  <testcase name="NativeAPpAndroid" time="0.001" classname="SampleMaven.AppiumTest"/>
</testsuite> <!-- SampleMaven.AppiumTest -->
