<?xml version="1.0" encoding="UTF-8"?>
<!-- Generated by org.testng.reporters.JUnitReportReporter -->
<testsuite skipped="0" hostname="seshu-PC" name="SampleMaven.RESTAPITest" tests="2" failures="0" timestamp="16 Aug 2020 10:45:11 GMT" time="0.000" errors="0">
  <testcase name="deleteTwitter" time="0.000" classname="SampleMaven.RESTAPITest"/>
  <testcase name="postJira" time="0.000" classname="SampleMaven.RESTAPITest"/>
</testsuite> <!-- SampleMaven.RESTAPITest -->
